[2025-12-29 10:49:39,872] [INFO] [yolo_detection.py:59] - 加载YOLO模型: E:/crackTest/test1/best_seg.pt
[2025-12-29 10:49:39,877] [INFO] [yolo_detection.py:62] - YOLO检测模型初始化完成
[2025-12-29 10:49:39,878] [INFO] [yolo_detection.py:360] - 裂缝分析模型初始化完成
[2025-12-29 10:49:49,183] [ERROR] [main.py:80] - 界面初始化失败
Traceback (most recent call last):
  File "E:\crackTest\test1\main.py", line 70, in on_load_finished
    controller.initialize(models)
  File "E:\crackTest\test1\controllers\main_controller.py", line 37, in initialize
    self._main_window = MainWindow()
                        ^^^^^^^^^^^^
  File "E:\crackTest\test1\views\main_window.py", line 69, in __init__
    self.init_ui()
  File "E:\crackTest\test1\views\main_window.py", line 152, in init_ui
    self.report_page = ReportPage()
                       ^^^^^^^^^^^^
  File "E:\crackTest\test1\views\report_page.py", line 29, in __init__
    self._init_ui()
  File "E:\crackTest\test1\views\report_page.py", line 51, in _init_ui
    form_section = QGroupBox("评估参数输入")
                   ^^^^^^^^^
NameError: name 'QGroupBox' is not defined
[2025-12-29 10:50:06,181] [INFO] [yolo_detection.py:59] - 加载YOLO模型: E:/crackTest/test1/best_seg.pt
[2025-12-29 10:50:06,181] [INFO] [yolo_detection.py:62] - YOLO检测模型初始化完成
[2025-12-29 10:50:06,182] [INFO] [yolo_detection.py:360] - 裂缝分析模型初始化完成
[2025-12-29 10:50:11,273] [ERROR] [main.py:80] - 界面初始化失败
Traceback (most recent call last):
  File "E:\crackTest\test1\main.py", line 70, in on_load_finished
    controller.initialize(models)
  File "E:\crackTest\test1\controllers\main_controller.py", line 37, in initialize
    self._main_window = MainWindow()
                        ^^^^^^^^^^^^
  File "E:\crackTest\test1\views\main_window.py", line 69, in __init__
    self.init_ui()
  File "E:\crackTest\test1\views\main_window.py", line 152, in init_ui
    self.report_page = ReportPage()
                       ^^^^^^^^^^^^
  File "E:\crackTest\test1\views\report_page.py", line 29, in __init__
    self._init_ui()
  File "E:\crackTest\test1\views\report_page.py", line 51, in _init_ui
    form_section = QGroupBox("评估参数输入")
                   ^^^^^^^^^
NameError: name 'QGroupBox' is not defined
[2025-12-29 10:53:24,521] [INFO] [yolo_detection.py:59] - 加载YOLO模型: E:/crackTest/test1/best_seg.pt
[2025-12-29 10:53:24,522] [INFO] [yolo_detection.py:62] - YOLO检测模型初始化完成
[2025-12-29 10:53:24,522] [INFO] [yolo_detection.py:360] - 裂缝分析模型初始化完成
[2025-12-29 10:53:27,471] [ERROR] [history_page.py:512] - 加载历史数据失败: name 'QColor' is not defined
[2025-12-29 10:53:27,519] [INFO] [main_controller.py:44] - 主控制器使用预加载的模型
[2025-12-29 10:53:27,519] [INFO] [main_controller.py:57] - 主控制器初始化完成
[2025-12-29 10:53:27,547] [INFO] [main.py:74] - 系统启动完成
[2025-12-29 10:53:34,691] [INFO] [main_controller.py:78] - 切换到裂缝检测
[2025-12-29 10:53:36,884] [INFO] [main_controller.py:87] - 切换到交通荷载
[2025-12-29 10:53:40,296] [INFO] [main_controller.py:92] - 切换到评估报告
[2025-12-29 10:53:44,619] [INFO] [main_controller.py:73] - 切换到首页总览
[2025-12-29 10:53:44,850] [INFO] [main_controller.py:73] - 切换到首页总览
[2025-12-29 10:53:48,667] [INFO] [main_controller.py:78] - 切换到裂缝检测
[2025-12-29 10:53:49,402] [INFO] [main_controller.py:87] - 切换到交通荷载
[2025-12-29 10:53:49,861] [INFO] [main_controller.py:92] - 切换到评估报告
[2025-12-29 10:53:51,843] [INFO] [main_controller.py:92] - 切换到评估报告
[2025-12-29 10:53:53,899] [INFO] [main_controller.py:87] - 切换到交通荷载
[2025-12-29 10:53:54,195] [INFO] [main_controller.py:78] - 切换到裂缝检测
[2025-12-29 10:53:54,515] [INFO] [main_controller.py:73] - 切换到首页总览
[2025-12-29 10:55:01,172] [INFO] [yolo_detection.py:59] - 加载YOLO模型: E:/crackTest/test1/best_seg.pt
[2025-12-29 10:55:01,172] [INFO] [yolo_detection.py:62] - YOLO检测模型初始化完成
[2025-12-29 10:55:01,174] [INFO] [yolo_detection.py:360] - 裂缝分析模型初始化完成
[2025-12-29 10:55:03,085] [INFO] [main_controller.py:44] - 主控制器使用预加载的模型
[2025-12-29 10:55:03,086] [INFO] [main_controller.py:57] - 主控制器初始化完成
[2025-12-29 10:55:03,115] [INFO] [main.py:74] - 系统启动完成
[2025-12-29 10:55:05,691] [INFO] [main_controller.py:78] - 切换到裂缝检测
[2025-12-29 10:55:06,283] [INFO] [main_controller.py:87] - 切换到交通荷载
[2025-12-29 10:55:06,794] [INFO] [main_controller.py:92] - 切换到评估报告
[2025-12-29 10:55:11,098] [INFO] [main_controller.py:92] - 切换到评估报告
[2025-12-29 10:55:11,338] [INFO] [main_controller.py:87] - 切换到交通荷载
[2025-12-29 10:55:11,602] [INFO] [main_controller.py:78] - 切换到裂缝检测
[2025-12-29 10:55:11,834] [INFO] [main_controller.py:73] - 切换到首页总览
[2025-12-29 10:55:17,123] [INFO] [main_controller.py:73] - 切换到首页总览
[2025-12-29 11:14:28,387] [INFO] [main_controller.py:78] - 切换到裂缝检测
[2025-12-29 11:14:29,578] [INFO] [main_controller.py:87] - 切换到交通荷载
[2025-12-29 11:14:29,785] [INFO] [main_controller.py:87] - 切换到交通荷载
[2025-12-29 11:14:30,152] [INFO] [main_controller.py:92] - 切换到评估报告
[2025-12-29 11:14:31,868] [INFO] [main_controller.py:73] - 切换到首页总览
[2025-12-29 11:21:16,295] [INFO] [main_controller.py:78] - 切换到裂缝检测
[2025-12-29 11:21:17,472] [INFO] [main_controller.py:73] - 切换到首页总览
[2025-12-29 14:15:19,374] [INFO] [yolo_detection.py:59] - 加载YOLO模型: E:/crackTest/test1/best_seg.pt
[2025-12-29 14:15:19,375] [INFO] [yolo_detection.py:62] - YOLO检测模型初始化完成
[2025-12-29 14:15:19,375] [INFO] [yolo_detection.py:350] - 裂缝分析模型初始化完成
[2025-12-29 14:15:21,635] [INFO] [main_controller.py:44] - 主控制器使用预加载的模型
[2025-12-29 14:15:21,635] [INFO] [main_controller.py:57] - 主控制器初始化完成
[2025-12-29 14:15:21,676] [INFO] [main.py:74] - 系统启动完成
[2025-12-29 14:15:40,634] [INFO] [main_controller.py:73] - 切换到首页总览
[2025-12-29 14:15:44,611] [INFO] [main_controller.py:87] - 切换到交通荷载
[2025-12-29 14:15:45,762] [INFO] [main_controller.py:78] - 切换到裂缝检测
[2025-12-29 14:15:46,058] [INFO] [main_controller.py:73] - 切换到首页总览
[2025-12-29 14:26:59,167] [INFO] [main_controller.py:78] - 切换到裂缝检测
[2025-12-29 14:28:13,841] [INFO] [yolo_detection.py:59] - 加载YOLO模型: E:/crackTest/test1/best_seg.pt
[2025-12-29 14:28:13,841] [INFO] [yolo_detection.py:62] - YOLO检测模型初始化完成
[2025-12-29 14:28:13,842] [INFO] [yolo_detection.py:350] - 裂缝分析模型初始化完成
[2025-12-29 14:28:36,476] [INFO] [main_controller.py:44] - 主控制器使用预加载的模型
[2025-12-29 14:28:36,477] [INFO] [main_controller.py:57] - 主控制器初始化完成
[2025-12-29 14:28:36,508] [INFO] [main.py:74] - 系统启动完成
[2025-12-29 14:30:01,139] [INFO] [main_controller.py:78] - 切换到裂缝检测
[2025-12-29 14:30:02,243] [INFO] [main_controller.py:87] - 切换到交通荷载
[2025-12-29 14:30:02,721] [INFO] [main_controller.py:92] - 切换到评估报告
[2025-12-29 14:30:03,018] [INFO] [main_controller.py:78] - 切换到裂缝检测
[2025-12-29 14:30:03,332] [INFO] [main_controller.py:73] - 切换到首页总览
[2025-12-29 14:31:06,418] [INFO] [yolo_detection.py:59] - 加载YOLO模型: E:/crackTest/test1/best_seg.pt
[2025-12-29 14:31:06,419] [INFO] [yolo_detection.py:62] - YOLO检测模型初始化完成
[2025-12-29 14:31:06,419] [INFO] [yolo_detection.py:350] - 裂缝分析模型初始化完成
[2025-12-29 14:31:08,209] [INFO] [main_controller.py:44] - 主控制器使用预加载的模型
[2025-12-29 14:31:08,210] [INFO] [main_controller.py:57] - 主控制器初始化完成
[2025-12-29 14:31:08,247] [INFO] [main.py:74] - 系统启动完成
[2025-12-29 14:32:30,800] [INFO] [yolo_detection.py:59] - 加载YOLO模型: E:/crackTest/test1/best_seg.pt
[2025-12-29 14:32:30,800] [INFO] [yolo_detection.py:62] - YOLO检测模型初始化完成
[2025-12-29 14:32:30,800] [INFO] [yolo_detection.py:350] - 裂缝分析模型初始化完成
[2025-12-29 14:32:41,040] [INFO] [main_controller.py:44] - 主控制器使用预加载的模型
[2025-12-29 14:32:41,040] [INFO] [main_controller.py:57] - 主控制器初始化完成
[2025-12-29 14:32:41,074] [INFO] [main.py:74] - 系统启动完成
[2025-12-29 14:39:10,376] [INFO] [yolo_detection.py:59] - 加载YOLO模型: E:/crackTest/test1/best_seg.pt
[2025-12-29 14:39:10,376] [INFO] [yolo_detection.py:62] - YOLO检测模型初始化完成
[2025-12-29 14:39:10,377] [INFO] [yolo_detection.py:350] - 裂缝分析模型初始化完成
[2025-12-29 14:39:23,208] [INFO] [main_controller.py:44] - 主控制器使用预加载的模型
[2025-12-29 14:39:23,208] [INFO] [main_controller.py:57] - 主控制器初始化完成
[2025-12-29 14:39:23,247] [INFO] [main.py:74] - 系统启动完成
[2025-12-29 14:39:33,670] [INFO] [main_controller.py:73] - 切换到首页总览
[2025-12-29 14:39:36,382] [INFO] [main_controller.py:78] - 切换到裂缝检测
[2025-12-29 14:39:36,742] [INFO] [main_controller.py:73] - 切换到首页总览
[2025-12-29 14:39:38,463] [INFO] [main_controller.py:73] - 切换到首页总览
[2025-12-29 14:39:40,958] [INFO] [main_controller.py:73] - 切换到首页总览
[2025-12-29 14:39:42,256] [INFO] [main_controller.py:73] - 切换到首页总览
[2025-12-29 14:44:27,764] [INFO] [main_controller.py:78] - 切换到裂缝检测
[2025-12-29 14:44:28,165] [INFO] [main_controller.py:73] - 切换到首页总览
[2025-12-29 14:45:26,802] [INFO] [yolo_detection.py:59] - 加载YOLO模型: E:/crackTest/test1/best_seg.pt
[2025-12-29 14:45:26,802] [INFO] [yolo_detection.py:62] - YOLO检测模型初始化完成
[2025-12-29 14:45:26,802] [INFO] [yolo_detection.py:350] - 裂缝分析模型初始化完成
[2025-12-29 14:45:31,696] [INFO] [main_controller.py:44] - 主控制器使用预加载的模型
[2025-12-29 14:45:31,697] [INFO] [main_controller.py:57] - 主控制器初始化完成
[2025-12-29 14:45:31,732] [INFO] [main.py:74] - 系统启动完成
[2025-12-29 14:47:48,281] [INFO] [yolo_detection.py:59] - 加载YOLO模型: E:/crackTest/test1/best_seg.pt
[2025-12-29 14:47:48,282] [INFO] [yolo_detection.py:62] - YOLO检测模型初始化完成
[2025-12-29 14:47:48,282] [INFO] [yolo_detection.py:350] - 裂缝分析模型初始化完成
[2025-12-29 14:48:06,427] [INFO] [main_controller.py:44] - 主控制器使用预加载的模型
[2025-12-29 14:48:06,428] [INFO] [main_controller.py:57] - 主控制器初始化完成
[2025-12-29 14:48:06,459] [INFO] [main.py:74] - 系统启动完成
[2025-12-29 14:48:10,747] [INFO] [main_controller.py:73] - 切换到首页总览
[2025-12-29 14:54:11,759] [INFO] [yolo_detection.py:59] - 加载YOLO模型: E:/crackTest/test1/best_seg.pt
[2025-12-29 14:54:11,759] [INFO] [yolo_detection.py:62] - YOLO检测模型初始化完成
[2025-12-29 14:54:11,759] [INFO] [yolo_detection.py:350] - 裂缝分析模型初始化完成
[2025-12-29 14:54:17,427] [INFO] [main_controller.py:44] - 主控制器使用预加载的模型
[2025-12-29 14:54:17,427] [INFO] [main_controller.py:57] - 主控制器初始化完成
[2025-12-29 14:54:17,455] [INFO] [main.py:74] - 系统启动完成
[2025-12-29 14:54:56,927] [INFO] [yolo_detection.py:59] - 加载YOLO模型: E:/crackTest/test1/best_seg.pt
[2025-12-29 14:54:56,927] [INFO] [yolo_detection.py:62] - YOLO检测模型初始化完成
[2025-12-29 14:54:56,929] [INFO] [yolo_detection.py:350] - 裂缝分析模型初始化完成
[2025-12-29 14:54:59,243] [INFO] [main_controller.py:44] - 主控制器使用预加载的模型
[2025-12-29 14:54:59,243] [INFO] [main_controller.py:57] - 主控制器初始化完成
[2025-12-29 14:54:59,294] [INFO] [main.py:74] - 系统启动完成
[2025-12-29 15:02:05,351] [INFO] [yolo_detection.py:59] - 加载YOLO模型: E:/crackTest/test1/best_seg.pt
[2025-12-29 15:02:05,351] [INFO] [yolo_detection.py:62] - YOLO检测模型初始化完成
[2025-12-29 15:02:05,352] [INFO] [yolo_detection.py:350] - 裂缝分析模型初始化完成
[2025-12-29 15:02:07,454] [INFO] [main_controller.py:44] - 主控制器使用预加载的模型
[2025-12-29 15:02:07,454] [INFO] [main_controller.py:57] - 主控制器初始化完成
[2025-12-29 15:02:07,485] [INFO] [main.py:74] - 系统启动完成
[2025-12-29 15:02:18,669] [INFO] [main_controller.py:73] - 切换到首页总览
[2025-12-29 15:02:56,235] [INFO] [main_controller.py:73] - 切换到首页总览
[2025-12-29 15:03:03,068] [INFO] [main_controller.py:73] - 切换到首页总览
[2025-12-29 15:04:11,331] [INFO] [main_controller.py:78] - 切换到裂缝检测
[2025-12-29 15:04:29,760] [INFO] [yolo_detection.py:59] - 加载YOLO模型: E:/crackTest/test1/best_seg.pt
[2025-12-29 15:04:29,760] [INFO] [yolo_detection.py:62] - YOLO检测模型初始化完成
[2025-12-29 15:04:33,226] [INFO] [yolo_detection.py:252] - YOLO检测模型资源已释放
[2025-12-29 15:04:33,333] [INFO] [main_window.py:195] - 接收到检测完成信号，开始更新相关页面数据...
[2025-12-29 15:04:33,425] [INFO] [main_window.py:195] - 接收到检测完成信号，开始更新相关页面数据...
[2025-12-29 15:04:35,803] [INFO] [main_controller.py:73] - 切换到首页总览
[2025-12-29 15:04:40,330] [INFO] [main_controller.py:78] - 切换到裂缝检测
[2025-12-29 15:04:42,971] [INFO] [main_controller.py:87] - 切换到交通荷载
[2025-12-29 15:05:17,804] [INFO] [main_controller.py:73] - 切换到首页总览
[2025-12-29 15:05:22,378] [INFO] [main_controller.py:73] - 切换到首页总览
[2025-12-29 15:09:09,534] [INFO] [yolo_detection.py:59] - 加载YOLO模型: E:/crackTest/test1/best_seg.pt
[2025-12-29 15:09:09,534] [INFO] [yolo_detection.py:62] - YOLO检测模型初始化完成
[2025-12-29 15:09:09,535] [INFO] [yolo_detection.py:350] - 裂缝分析模型初始化完成
[2025-12-29 15:09:12,874] [INFO] [main_controller.py:44] - 主控制器使用预加载的模型
[2025-12-29 15:09:12,875] [INFO] [main_controller.py:57] - 主控制器初始化完成
[2025-12-29 15:09:12,959] [INFO] [main.py:74] - 系统启动完成
[2025-12-29 15:10:11,597] [INFO] [yolo_detection.py:59] - 加载YOLO模型: E:/crackTest/test1/best_seg.pt
[2025-12-29 15:10:11,598] [INFO] [yolo_detection.py:62] - YOLO检测模型初始化完成
[2025-12-29 15:10:11,598] [INFO] [yolo_detection.py:350] - 裂缝分析模型初始化完成
[2025-12-29 15:10:21,555] [INFO] [main_controller.py:44] - 主控制器使用预加载的模型
[2025-12-29 15:10:21,555] [INFO] [main_controller.py:57] - 主控制器初始化完成
[2025-12-29 15:10:21,647] [INFO] [main.py:74] - 系统启动完成
[2025-12-29 15:11:38,076] [INFO] [main_controller.py:78] - 切换到裂缝检测
[2025-12-29 15:11:41,366] [INFO] [main_controller.py:73] - 切换到首页总览
[2025-12-29 15:16:51,395] [INFO] [yolo_detection.py:59] - 加载YOLO模型: E:/crackTest/test1/best_seg.pt
[2025-12-29 15:16:51,395] [INFO] [yolo_detection.py:62] - YOLO检测模型初始化完成
[2025-12-29 15:16:51,396] [INFO] [yolo_detection.py:350] - 裂缝分析模型初始化完成
[2025-12-29 15:16:59,156] [INFO] [main_controller.py:44] - 主控制器使用预加载的模型
[2025-12-29 15:16:59,156] [INFO] [main_controller.py:57] - 主控制器初始化完成
[2025-12-29 15:16:59,247] [INFO] [main.py:74] - 系统启动完成
[2025-12-29 15:17:04,781] [INFO] [main_controller.py:73] - 切换到首页总览
[2025-12-29 15:17:25,356] [INFO] [main_controller.py:78] - 切换到裂缝检测
[2025-12-29 15:17:50,668] [INFO] [yolo_detection.py:59] - 加载YOLO模型: E:/crackTest/test1/best_seg.pt
[2025-12-29 15:17:50,669] [INFO] [yolo_detection.py:62] - YOLO检测模型初始化完成
[2025-12-29 15:17:53,774] [INFO] [yolo_detection.py:252] - YOLO检测模型资源已释放
[2025-12-29 15:17:53,889] [INFO] [main_window.py:195] - 接收到检测完成信号，开始更新相关页面数据...
[2025-12-29 15:17:54,026] [INFO] [main_window.py:195] - 接收到检测完成信号，开始更新相关页面数据...
[2025-12-29 15:17:59,309] [INFO] [main_controller.py:73] - 切换到首页总览
[2025-12-29 15:18:12,850] [INFO] [main_controller.py:92] - 切换到评估报告
[2025-12-29 15:18:14,189] [INFO] [main_controller.py:87] - 切换到交通荷载
[2025-12-29 15:18:14,565] [INFO] [main_controller.py:73] - 切换到首页总览
[2025-12-29 15:18:50,782] [INFO] [main_controller.py:73] - 切换到首页总览
[2025-12-29 15:19:05,336] [INFO] [main_controller.py:92] - 切换到评估报告
[2025-12-29 15:19:09,253] [INFO] [main_controller.py:87] - 切换到交通荷载
[2025-12-29 15:19:12,212] [INFO] [main_controller.py:78] - 切换到裂缝检测
[2025-12-29 15:19:19,117] [INFO] [main_controller.py:73] - 切换到首页总览
[2025-12-29 15:19:28,028] [INFO] [main_controller.py:78] - 切换到裂缝检测
[2025-12-29 15:19:36,992] [INFO] [main_controller.py:73] - 切换到首页总览
[2025-12-29 15:19:50,408] [INFO] [main_controller.py:92] - 切换到评估报告
[2025-12-29 15:19:50,667] [INFO] [main_controller.py:87] - 切换到交通荷载
[2025-12-29 15:20:01,186] [INFO] [yolo_detection.py:59] - 加载YOLO模型: yolo11n.pt
[2025-12-29 15:20:01,186] [INFO] [yolo_detection.py:62] - YOLO检测模型初始化完成
[2025-12-29 15:20:59,271] [INFO] [yolo_detection.py:252] - YOLO检测模型资源已释放
[2025-12-29 15:20:59,385] [INFO] [main_window.py:195] - 接收到检测完成信号，开始更新相关页面数据...
[2025-12-29 15:21:04,611] [INFO] [main_controller.py:73] - 切换到首页总览
[2025-12-29 15:21:11,398] [INFO] [main_controller.py:73] - 切换到首页总览
[2025-12-29 15:21:23,187] [INFO] [main_controller.py:78] - 切换到裂缝检测
[2025-12-29 15:21:24,254] [INFO] [main_controller.py:73] - 切换到首页总览
[2025-12-29 15:21:27,275] [INFO] [main_controller.py:78] - 切换到裂缝检测
